*** Starting uWSGI 2.0.18 (64bit) on [Wed Oct  9 22:22:59 2019] ***
compiled with version: 8.3.0 on 30 September 2019 07:56:13
os: Linux-5.0.0-32-generic #34-Ubuntu SMP Wed Oct 2 02:06:48 UTC 2019
nodename: ubuntu
machine: x86_64
clock source: unix
pcre jit disabled
detected number of CPU cores: 6
current working directory: /home/back/桌面/dailyfresh
writing pidfile to uwsgi2.pid
detected binary path: /usr/local/bin/uwsgi
uWSGI running as root, you can use --uid/--gid/--chroot options
*** WARNING: you are running uWSGI as root !!! (use the --uid flag) *** 
chdir() to /home/back/桌面/dailyfresh
your processes number limit is 31610
your memory page size is 4096 bytes
detected max file descriptor number: 1048576
lock engine: pthread robust mutexes
thunder lock: disabled (you can enable it with --thunder-lock)
uwsgi socket 0 bound to TCP address 127.0.0.1:8081 fd 3
uWSGI running as root, you can use --uid/--gid/--chroot options
*** WARNING: you are running uWSGI as root !!! (use the --uid flag) *** 
Python version: 3.7.3 (default, Aug 20 2019, 17:04:43)  [GCC 8.3.0]
Python main interpreter initialized at 0x55f0f1cf9b80
uWSGI running as root, you can use --uid/--gid/--chroot options
*** WARNING: you are running uWSGI as root !!! (use the --uid flag) *** 
python threads support enabled
your server socket listen backlog is limited to 100 connections
your mercy for graceful operations on workers is 60 seconds
mapped 416720 bytes (406 KB) for 8 cores
*** Operational MODE: preforking+threaded ***
WSGI app 0 (mountpoint='') ready in 0 seconds on interpreter 0x55f0f1cf9b80 pid: 3838 (default app)
uWSGI running as root, you can use --uid/--gid/--chroot options
*** WARNING: you are running uWSGI as root !!! (use the --uid flag) *** 
*** uWSGI is running in multiple interpreter mode ***
spawned uWSGI master process (pid: 3838)
spawned uWSGI worker 1 (pid: 3861, cores: 2)
spawned uWSGI worker 2 (pid: 3862, cores: 2)
spawned uWSGI worker 3 (pid: 3863, cores: 2)
spawned uWSGI worker 4 (pid: 3864, cores: 2)
[pid: 3862|app: 0|req: 1/1] 127.0.0.1 () {46 vars in 838 bytes} [Thu Oct 10 13:30:12 2019] GET /favicon.ico => generated 77 bytes in 557 msecs (HTTP/1.1 404) 3 headers in 100 bytes (1 switches on core 0)
[pid: 3864|app: 0|req: 1/2] 127.0.0.1 () {50 vars in 971 bytes} [Thu Oct 10 13:30:57 2019] GET /goods/5 => generated 9812 bytes in 732 msecs (HTTP/1.1 200) 5 headers in 292 bytes (1 switches on core 0)
[pid: 3862|app: 0|req: 2/3] 127.0.0.1 () {50 vars in 969 bytes} [Thu Oct 10 13:31:13 2019] GET /index/ => generated 16029 bytes in 303 msecs (HTTP/1.1 200) 4 headers in 125 bytes (1 switches on core 1)
SIGINT/SIGQUIT received...killing workers...
worker 1 buried after 1 seconds
worker 2 buried after 1 seconds
worker 3 buried after 1 seconds
worker 4 buried after 1 seconds
goodbye to uWSGI.
